<?xml version="1.0" encoding="UTF-8"?>
<coverage generated="1714434081828" clover="3.2.0">
  <project timestamp="1714434081829" name="All files">
    <metrics statements="41" coveredstatements="41" conditionals="104" coveredconditionals="64" methods="10" coveredmethods="10" elements="155" coveredelements="115" complexity="0" loc="41" ncloc="41" packages="7" files="7" classes="7"/>
    <package name="Avatar">
      <metrics statements="10" coveredstatements="10" conditionals="16" coveredconditionals="15" methods="2" coveredmethods="2"/>
      <file name="index.tsx" path="C:\repository\assa\monorepo-task-manager\apps\task-mobile\src\app\components\Avatar\index.tsx">
        <metrics statements="10" coveredstatements="10" conditionals="16" coveredconditionals="15" methods="2" coveredmethods="2"/>
        <line num="13" count="2" type="stmt"/>
        <line num="21" count="2" type="stmt"/>
        <line num="22" count="11" type="stmt"/>
        <line num="23" count="11" type="stmt"/>
        <line num="25" count="11" type="cond" truecount="2" falsecount="0"/>
        <line num="26" count="11" type="stmt"/>
        <line num="27" count="11" type="stmt"/>
        <line num="34" count="11" type="cond" truecount="2" falsecount="0"/>
        <line num="36" count="11" type="stmt"/>
        <line num="57" count="1" type="stmt"/>
      </file>
    </package>
    <package name="Button">
      <metrics statements="6" coveredstatements="6" conditionals="52" coveredconditionals="24" methods="2" coveredmethods="2"/>
      <file name="index.tsx" path="C:\repository\assa\monorepo-task-manager\apps\task-mobile\src\app\components\Button\index.tsx">
        <metrics statements="6" coveredstatements="6" conditionals="52" coveredconditionals="24" methods="2" coveredmethods="2"/>
        <line num="23" count="2" type="stmt"/>
        <line num="33" count="3" type="stmt"/>
        <line num="34" count="3" type="stmt"/>
        <line num="36" count="3" type="cond" truecount="2" falsecount="0"/>
        <line num="38" count="3" type="stmt"/>
        <line num="83" count="1" type="stmt"/>
      </file>
    </package>
    <package name="CardItem">
      <metrics statements="5" coveredstatements="5" conditionals="0" coveredconditionals="0" methods="1" coveredmethods="1"/>
      <file name="index.tsx" path="C:\repository\assa\monorepo-task-manager\apps\task-mobile\src\app\components\CardItem\index.tsx">
        <metrics statements="5" coveredstatements="5" conditionals="0" coveredconditionals="0" methods="1" coveredmethods="1"/>
        <line num="15" count="1" type="stmt"/>
        <line num="16" count="3" type="stmt"/>
        <line num="18" count="3" type="stmt"/>
        <line num="20" count="3" type="stmt"/>
        <line num="43" count="1" type="stmt"/>
      </file>
    </package>
    <package name="Header">
      <metrics statements="5" coveredstatements="5" conditionals="1" coveredconditionals="1" methods="1" coveredmethods="1"/>
      <file name="index.tsx" path="C:\repository\assa\monorepo-task-manager\apps\task-mobile\src\app\components\Header\index.tsx">
        <metrics statements="5" coveredstatements="5" conditionals="1" coveredconditionals="1" methods="1" coveredmethods="1"/>
        <line num="13" count="1" type="stmt"/>
        <line num="18" count="4" type="stmt"/>
        <line num="20" count="4" type="stmt"/>
        <line num="22" count="4" type="stmt"/>
        <line num="56" count="1" type="stmt"/>
      </file>
    </package>
    <package name="IconButton">
      <metrics statements="5" coveredstatements="5" conditionals="4" coveredconditionals="4" methods="1" coveredmethods="1"/>
      <file name="index.tsx" path="C:\repository\assa\monorepo-task-manager\apps\task-mobile\src\app\components\IconButton\index.tsx">
        <metrics statements="5" coveredstatements="5" conditionals="4" coveredconditionals="4" methods="1" coveredmethods="1"/>
        <line num="12" count="2" type="stmt"/>
        <line num="13" count="6" type="stmt"/>
        <line num="15" count="6" type="stmt"/>
        <line num="16" count="6" type="stmt"/>
        <line num="18" count="6" type="stmt"/>
      </file>
    </package>
    <package name="TaskItem">
      <metrics statements="3" coveredstatements="3" conditionals="0" coveredconditionals="0" methods="1" coveredmethods="1"/>
      <file name="index.tsx" path="C:\repository\assa\monorepo-task-manager\apps\task-mobile\src\app\components\TaskItem\index.tsx">
        <metrics statements="3" coveredstatements="3" conditionals="0" coveredconditionals="0" methods="1" coveredmethods="1"/>
        <line num="9" count="1" type="stmt"/>
        <line num="10" count="2" type="stmt"/>
        <line num="16" count="1" type="stmt"/>
      </file>
    </package>
    <package name="TextInput">
      <metrics statements="7" coveredstatements="7" conditionals="31" coveredconditionals="20" methods="2" coveredmethods="2"/>
      <file name="index.tsx" path="C:\repository\assa\monorepo-task-manager\apps\task-mobile\src\app\components\TextInput\index.tsx">
        <metrics statements="7" coveredstatements="7" conditionals="31" coveredconditionals="20" methods="2" coveredmethods="2"/>
        <line num="24" count="1" type="stmt"/>
        <line num="37" count="4" type="stmt"/>
        <line num="38" count="4" type="stmt"/>
        <line num="40" count="4" type="stmt"/>
        <line num="42" count="4" type="cond" truecount="1" falsecount="1"/>
        <line num="44" count="4" type="stmt"/>
        <line num="58" count="1" type="stmt"/>
      </file>
    </package>
  </project>
</coverage>
