{"C:\\repository\\assa\\monorepo-task-manager\\apps\\task-mobile\\src\\app\\components\\Avatar\\index.tsx": {"path":"C:\\repository\\assa\\monorepo-task-manager\\apps\\task-mobile\\src\\app\\components\\Avatar\\index.tsx","statementMap":{"0":{"start":{"line":13,"column":44},"end":{"line":19,"column":1}},"1":{"start":{"line":21,"column":22},"end":{"line":73,"column":1}},"2":{"start":{"line":22,"column":56},"end":{"line":22,"column":61}},"3":{"start":{"line":23,"column":38},"end":{"line":23,"column":53}},"4":{"start":{"line":25,"column":22},"end":{"line":25,"column":65}},"5":{"start":{"line":26,"column":21},"end":{"line":26,"column":31}},"6":{"start":{"line":27,"column":50},"end":{"line":33,"column":3}},"7":{"start":{"line":34,"column":19},"end":{"line":34,"column":72}},"8":{"start":{"line":36,"column":2},"end":{"line":72,"column":4}},"9":{"start":{"line":57,"column":25},"end":{"line":57,"column":44}}},"fnMap":{"0":{"name":"(anonymous_0)","decl":{"start":{"line":21,"column":22},"end":{"line":21,"column":23}},"loc":{"start":{"line":21,"column":40},"end":{"line":73,"column":1}},"line":21},"1":{"name":"(anonymous_1)","decl":{"start":{"line":57,"column":19},"end":{"line":57,"column":20}},"loc":{"start":{"line":57,"column":25},"end":{"line":57,"column":44}},"line":57}},"branchMap":{"0":{"loc":{"start":{"line":25,"column":22},"end":{"line":25,"column":65}},"type":"cond-expr","locations":[{"start":{"line":25,"column":29},"end":{"line":25,"column":46}},{"start":{"line":25,"column":49},"end":{"line":25,"column":65}}],"line":25},"1":{"loc":{"start":{"line":34,"column":19},"end":{"line":34,"column":72}},"type":"cond-expr","locations":[{"start":{"line":34,"column":26},"end":{"line":34,"column":47}},{"start":{"line":34,"column":50},"end":{"line":34,"column":72}}],"line":34},"2":{"loc":{"start":{"line":40,"column":21},"end":{"line":40,"column":49}},"type":"binary-expr","locations":[{"start":{"line":40,"column":21},"end":{"line":40,"column":32}},{"start":{"line":40,"column":36},"end":{"line":40,"column":49}}],"line":40},"3":{"loc":{"start":{"line":41,"column":21},"end":{"line":41,"column":40}},"type":"cond-expr","locations":[{"start":{"line":41,"column":35},"end":{"line":41,"column":36}},{"start":{"line":41,"column":39},"end":{"line":41,"column":40}}],"line":41},"4":{"loc":{"start":{"line":48,"column":17},"end":{"line":48,"column":29}},"type":"binary-expr","locations":[{"start":{"line":48,"column":17},"end":{"line":48,"column":24}},{"start":{"line":48,"column":28},"end":{"line":48,"column":29}}],"line":48},"5":{"loc":{"start":{"line":52,"column":7},"end":{"line":70,"column":7}},"type":"cond-expr","locations":[{"start":{"line":53,"column":8},"end":{"line":58,"column":10}},{"start":{"line":60,"column":8},"end":{"line":69,"column":15}}],"line":52},"6":{"loc":{"start":{"line":52,"column":7},"end":{"line":52,"column":28}},"type":"binary-expr","locations":[{"start":{"line":52,"column":7},"end":{"line":52,"column":18}},{"start":{"line":52,"column":22},"end":{"line":52,"column":28}}],"line":52},"7":{"loc":{"start":{"line":66,"column":11},"end":{"line":68,"column":33}},"type":"cond-expr","locations":[{"start":{"line":67,"column":14},"end":{"line":67,"column":49}},{"start":{"line":68,"column":14},"end":{"line":68,"column":33}}],"line":66}},"s":{"0":2,"1":2,"2":11,"3":11,"4":11,"5":11,"6":11,"7":11,"8":11,"9":1},"f":{"0":11,"1":1},"b":{"0":[4,7],"1":[4,7],"2":[11,10],"3":[1,10],"4":[11,10],"5":[5,6],"6":[11,10],"7":[6,0]},"_coverageSchema":"1a1c01bbd47fc00a2c39e90264f33305004495a9","hash":"6934270f9edb548f90b40087730db25a3781a9d9"}
,"C:\\repository\\assa\\monorepo-task-manager\\apps\\task-mobile\\src\\app\\components\\Button\\index.tsx": {"path":"C:\\repository\\assa\\monorepo-task-manager\\apps\\task-mobile\\src\\app\\components\\Button\\index.tsx","statementMap":{"0":{"start":{"line":23,"column":22},"end":{"line":90,"column":1}},"1":{"start":{"line":33,"column":6},"end":{"line":33,"column":11}},"2":{"start":{"line":34,"column":21},"end":{"line":34,"column":31}},"3":{"start":{"line":36,"column":23},"end":{"line":36,"column":56}},"4":{"start":{"line":38,"column":2},"end":{"line":89,"column":4}},"5":{"start":{"line":83,"column":14},"end":{"line":83,"column":92}}},"fnMap":{"0":{"name":"(anonymous_0)","decl":{"start":{"line":23,"column":22},"end":{"line":23,"column":23}},"loc":{"start":{"line":23,"column":40},"end":{"line":90,"column":1}},"line":23},"1":{"name":"(anonymous_1)","decl":{"start":{"line":82,"column":12},"end":{"line":82,"column":13}},"loc":{"start":{"line":83,"column":14},"end":{"line":83,"column":92}},"line":83}},"branchMap":{"0":{"loc":{"start":{"line":27,"column":4},"end":{"line":27,"column":23}},"type":"default-arg","locations":[{"start":{"line":27,"column":14},"end":{"line":27,"column":23}}],"line":27},"1":{"loc":{"start":{"line":28,"column":4},"end":{"line":28,"column":15}},"type":"default-arg","locations":[{"start":{"line":28,"column":11},"end":{"line":28,"column":15}}],"line":28},"2":{"loc":{"start":{"line":29,"column":4},"end":{"line":29,"column":25}},"type":"default-arg","locations":[{"start":{"line":29,"column":19},"end":{"line":29,"column":25}}],"line":29},"3":{"loc":{"start":{"line":32,"column":4},"end":{"line":32,"column":20}},"type":"default-arg","locations":[{"start":{"line":32,"column":15},"end":{"line":32,"column":20}}],"line":32},"4":{"loc":{"start":{"line":36,"column":23},"end":{"line":36,"column":56}},"type":"cond-expr","locations":[{"start":{"line":36,"column":34},"end":{"line":36,"column":49}},{"start":{"line":36,"column":52},"end":{"line":36,"column":56}}],"line":36},"5":{"loc":{"start":{"line":41,"column":25},"end":{"line":51,"column":17}},"type":"cond-expr","locations":[{"start":{"line":42,"column":12},"end":{"line":42,"column":21}},{"start":{"line":43,"column":12},"end":{"line":51,"column":17}}],"line":41},"6":{"loc":{"start":{"line":43,"column":12},"end":{"line":51,"column":17}},"type":"cond-expr","locations":[{"start":{"line":44,"column":12},"end":{"line":44,"column":26}},{"start":{"line":45,"column":12},"end":{"line":51,"column":17}}],"line":43},"7":{"loc":{"start":{"line":45,"column":12},"end":{"line":51,"column":17}},"type":"cond-expr","locations":[{"start":{"line":46,"column":12},"end":{"line":46,"column":19}},{"start":{"line":47,"column":12},"end":{"line":51,"column":17}}],"line":45},"8":{"loc":{"start":{"line":45,"column":12},"end":{"line":45,"column":67}},"type":"binary-expr","locations":[{"start":{"line":45,"column":12},"end":{"line":45,"column":33}},{"start":{"line":45,"column":37},"end":{"line":45,"column":67}}],"line":45},"9":{"loc":{"start":{"line":47,"column":12},"end":{"line":51,"column":17}},"type":"cond-expr","locations":[{"start":{"line":48,"column":12},"end":{"line":48,"column":30}},{"start":{"line":49,"column":12},"end":{"line":51,"column":17}}],"line":47},"10":{"loc":{"start":{"line":49,"column":12},"end":{"line":51,"column":17}},"type":"cond-expr","locations":[{"start":{"line":50,"column":12},"end":{"line":50,"column":28}},{"start":{"line":50,"column":31},"end":{"line":51,"column":17}}],"line":49},"11":{"loc":{"start":{"line":50,"column":31},"end":{"line":51,"column":17}},"type":"cond-expr","locations":[{"start":{"line":50,"column":59},"end":{"line":50,"column":81}},{"start":{"line":51,"column":10},"end":{"line":51,"column":17}}],"line":50},"12":{"loc":{"start":{"line":55,"column":8},"end":{"line":55,"column":115}},"type":"cond-expr","locations":[{"start":{"line":55,"column":19},"end":{"line":55,"column":20}},{"start":{"line":55,"column":23},"end":{"line":55,"column":115}}],"line":55},"13":{"loc":{"start":{"line":55,"column":23},"end":{"line":55,"column":115}},"type":"cond-expr","locations":[{"start":{"line":55,"column":110},"end":{"line":55,"column":111}},{"start":{"line":55,"column":114},"end":{"line":55,"column":115}}],"line":55},"14":{"loc":{"start":{"line":55,"column":23},"end":{"line":55,"column":107}},"type":"binary-expr","locations":[{"start":{"line":55,"column":23},"end":{"line":55,"column":44}},{"start":{"line":55,"column":48},"end":{"line":55,"column":78}},{"start":{"line":55,"column":82},"end":{"line":55,"column":107}}],"line":55},"15":{"loc":{"start":{"line":57,"column":10},"end":{"line":57,"column":126}},"type":"cond-expr","locations":[{"start":{"line":57,"column":34},"end":{"line":57,"column":50}},{"start":{"line":57,"column":53},"end":{"line":57,"column":126}}],"line":57},"16":{"loc":{"start":{"line":57,"column":53},"end":{"line":57,"column":126}},"type":"cond-expr","locations":[{"start":{"line":57,"column":81},"end":{"line":57,"column":105}},{"start":{"line":57,"column":108},"end":{"line":57,"column":126}}],"line":57},"17":{"loc":{"start":{"line":60,"column":15},"end":{"line":68,"column":26}},"type":"cond-expr","locations":[{"start":{"line":61,"column":12},"end":{"line":61,"column":21}},{"start":{"line":62,"column":12},"end":{"line":68,"column":26}}],"line":60},"18":{"loc":{"start":{"line":62,"column":12},"end":{"line":68,"column":26}},"type":"cond-expr","locations":[{"start":{"line":63,"column":12},"end":{"line":63,"column":19}},{"start":{"line":64,"column":12},"end":{"line":68,"column":26}}],"line":62},"19":{"loc":{"start":{"line":62,"column":12},"end":{"line":62,"column":62}},"type":"binary-expr","locations":[{"start":{"line":62,"column":12},"end":{"line":62,"column":33}},{"start":{"line":62,"column":37},"end":{"line":62,"column":62}}],"line":62},"20":{"loc":{"start":{"line":64,"column":12},"end":{"line":68,"column":26}},"type":"cond-expr","locations":[{"start":{"line":67,"column":12},"end":{"line":67,"column":37}},{"start":{"line":68,"column":12},"end":{"line":68,"column":26}}],"line":64},"21":{"loc":{"start":{"line":64,"column":12},"end":{"line":66,"column":35}},"type":"binary-expr","locations":[{"start":{"line":64,"column":12},"end":{"line":64,"column":34}},{"start":{"line":65,"column":12},"end":{"line":65,"column":42}},{"start":{"line":66,"column":12},"end":{"line":66,"column":35}}],"line":64},"22":{"loc":{"start":{"line":69,"column":18},"end":{"line":69,"column":41}},"type":"cond-expr","locations":[{"start":{"line":69,"column":34},"end":{"line":69,"column":36}},{"start":{"line":69,"column":39},"end":{"line":69,"column":41}}],"line":69},"23":{"loc":{"start":{"line":72,"column":16},"end":{"line":72,"column":60}},"type":"cond-expr","locations":[{"start":{"line":72,"column":32},"end":{"line":72,"column":34}},{"start":{"line":72,"column":37},"end":{"line":72,"column":60}}],"line":72},"24":{"loc":{"start":{"line":72,"column":37},"end":{"line":72,"column":60}},"type":"cond-expr","locations":[{"start":{"line":72,"column":53},"end":{"line":72,"column":55}},{"start":{"line":72,"column":58},"end":{"line":72,"column":60}}],"line":72},"25":{"loc":{"start":{"line":73,"column":23},"end":{"line":73,"column":70}},"type":"cond-expr","locations":[{"start":{"line":73,"column":49},"end":{"line":73,"column":54}},{"start":{"line":73,"column":57},"end":{"line":73,"column":70}}],"line":73},"26":{"loc":{"start":{"line":80,"column":8},"end":{"line":84,"column":13}},"type":"cond-expr","locations":[{"start":{"line":81,"column":12},"end":{"line":81,"column":14}},{"start":{"line":82,"column":12},"end":{"line":84,"column":13}}],"line":80}},"s":{"0":2,"1":3,"2":3,"3":3,"4":3,"5":1},"f":{"0":3,"1":1},"b":{"0":[3],"1":[3],"2":[3],"3":[3],"4":[1,2],"5":[0,3],"6":[3,0],"7":[0,0],"8":[0,0],"9":[0,0],"10":[0,0],"11":[0,0],"12":[0,3],"13":[0,3],"14":[3,3,3],"15":[0,3],"16":[0,3],"17":[0,3],"18":[3,0],"19":[3,0],"20":[0,0],"21":[0,0,0],"22":[0,3],"23":[0,3],"24":[3,0],"25":[3,0],"26":[2,1]},"_coverageSchema":"1a1c01bbd47fc00a2c39e90264f33305004495a9","hash":"13e8837ae95011a0652c00aba6185bd175356db7"}
,"C:\\repository\\assa\\monorepo-task-manager\\apps\\task-mobile\\src\\app\\components\\CardItem\\index.tsx": {"path":"C:\\repository\\assa\\monorepo-task-manager\\apps\\task-mobile\\src\\app\\components\\CardItem\\index.tsx","statementMap":{"0":{"start":{"line":15,"column":24},"end":{"line":41,"column":1}},"1":{"start":{"line":16,"column":40},"end":{"line":16,"column":45}},"2":{"start":{"line":18,"column":24},"end":{"line":18,"column":54}},"3":{"start":{"line":20,"column":2},"end":{"line":40,"column":4}},"4":{"start":{"line":43,"column":15},"end":{"line":59,"column":2}}},"fnMap":{"0":{"name":"(anonymous_0)","decl":{"start":{"line":15,"column":24},"end":{"line":15,"column":25}},"loc":{"start":{"line":15,"column":42},"end":{"line":41,"column":1}},"line":15}},"branchMap":{},"s":{"0":1,"1":3,"2":3,"3":3,"4":1},"f":{"0":3},"b":{},"_coverageSchema":"1a1c01bbd47fc00a2c39e90264f33305004495a9","hash":"fff2807d9de861582a5ef615db876c6bcd78886b"}
,"C:\\repository\\assa\\monorepo-task-manager\\apps\\task-mobile\\src\\app\\components\\Header\\index.tsx": {"path":"C:\\repository\\assa\\monorepo-task-manager\\apps\\task-mobile\\src\\app\\components\\Header\\index.tsx","statementMap":{"0":{"start":{"line":13,"column":15},"end":{"line":54,"column":1}},"1":{"start":{"line":18,"column":6},"end":{"line":18,"column":11}},"2":{"start":{"line":20,"column":21},"end":{"line":20,"column":31}},"3":{"start":{"line":22,"column":2},"end":{"line":53,"column":4}},"4":{"start":{"line":56,"column":15},"end":{"line":73,"column":2}}},"fnMap":{"0":{"name":"(anonymous_0)","decl":{"start":{"line":13,"column":15},"end":{"line":13,"column":16}},"loc":{"start":{"line":13,"column":33},"end":{"line":54,"column":1}},"line":13}},"branchMap":{"0":{"loc":{"start":{"line":15,"column":4},"end":{"line":15,"column":35}},"type":"default-arg","locations":[{"start":{"line":15,"column":22},"end":{"line":15,"column":35}}],"line":15}},"s":{"0":1,"1":4,"2":4,"3":4,"4":1},"f":{"0":4},"b":{"0":[2]},"_coverageSchema":"1a1c01bbd47fc00a2c39e90264f33305004495a9","hash":"c7e3bcb4376aeba2114847db80533c620219ffde"}
,"C:\\repository\\assa\\monorepo-task-manager\\apps\\task-mobile\\src\\app\\components\\IconButton\\index.tsx": {"path":"C:\\repository\\assa\\monorepo-task-manager\\apps\\task-mobile\\src\\app\\components\\IconButton\\index.tsx","statementMap":{"0":{"start":{"line":12,"column":26},"end":{"line":39,"column":1}},"1":{"start":{"line":13,"column":38},"end":{"line":13,"column":43}},"2":{"start":{"line":15,"column":21},"end":{"line":15,"column":31}},"3":{"start":{"line":16,"column":23},"end":{"line":16,"column":38}},"4":{"start":{"line":18,"column":2},"end":{"line":38,"column":4}}},"fnMap":{"0":{"name":"(anonymous_0)","decl":{"start":{"line":12,"column":26},"end":{"line":12,"column":27}},"loc":{"start":{"line":12,"column":44},"end":{"line":39,"column":1}},"line":12}},"branchMap":{"0":{"loc":{"start":{"line":26,"column":17},"end":{"line":26,"column":40}},"type":"cond-expr","locations":[{"start":{"line":26,"column":33},"end":{"line":26,"column":35}},{"start":{"line":26,"column":38},"end":{"line":26,"column":40}}],"line":26},"1":{"loc":{"start":{"line":27,"column":18},"end":{"line":27,"column":41}},"type":"cond-expr","locations":[{"start":{"line":27,"column":34},"end":{"line":27,"column":36}},{"start":{"line":27,"column":39},"end":{"line":27,"column":41}}],"line":27}},"s":{"0":2,"1":6,"2":6,"3":6,"4":6},"f":{"0":6},"b":{"0":[1,5],"1":[1,5]},"_coverageSchema":"1a1c01bbd47fc00a2c39e90264f33305004495a9","hash":"7cd0b6fb51df3af45bd14b6dc1b21d55f0966194"}
,"C:\\repository\\assa\\monorepo-task-manager\\apps\\task-mobile\\src\\app\\components\\TaskItem\\index.tsx": {"path":"C:\\repository\\assa\\monorepo-task-manager\\apps\\task-mobile\\src\\app\\components\\TaskItem\\index.tsx","statementMap":{"0":{"start":{"line":9,"column":24},"end":{"line":14,"column":1}},"1":{"start":{"line":10,"column":4},"end":{"line":13,"column":11}},"2":{"start":{"line":16,"column":15},"end":{"line":28,"column":2}}},"fnMap":{"0":{"name":"(anonymous_0)","decl":{"start":{"line":9,"column":24},"end":{"line":9,"column":25}},"loc":{"start":{"line":10,"column":4},"end":{"line":13,"column":11}},"line":10}},"branchMap":{},"s":{"0":1,"1":2,"2":1},"f":{"0":2},"b":{},"_coverageSchema":"1a1c01bbd47fc00a2c39e90264f33305004495a9","hash":"e20ec6d7abe6e82ec828048e22ba524fb68dfa82"}
,"C:\\repository\\assa\\monorepo-task-manager\\apps\\task-mobile\\src\\app\\components\\TextInput\\index.tsx": {"path":"C:\\repository\\assa\\monorepo-task-manager\\apps\\task-mobile\\src\\app\\components\\TextInput\\index.tsx","statementMap":{"0":{"start":{"line":24,"column":25},"end":{"line":90,"column":1}},"1":{"start":{"line":37,"column":6},"end":{"line":37,"column":11}},"2":{"start":{"line":38,"column":21},"end":{"line":38,"column":31}},"3":{"start":{"line":40,"column":52},"end":{"line":40,"column":67}},"4":{"start":{"line":42,"column":23},"end":{"line":42,"column":56}},"5":{"start":{"line":44,"column":2},"end":{"line":89,"column":4}},"6":{"start":{"line":58,"column":27},"end":{"line":58,"column":67}}},"fnMap":{"0":{"name":"(anonymous_0)","decl":{"start":{"line":24,"column":25},"end":{"line":24,"column":26}},"loc":{"start":{"line":24,"column":43},"end":{"line":90,"column":1}},"line":24},"1":{"name":"(anonymous_1)","decl":{"start":{"line":58,"column":21},"end":{"line":58,"column":22}},"loc":{"start":{"line":58,"column":27},"end":{"line":58,"column":67}},"line":58}},"branchMap":{"0":{"loc":{"start":{"line":33,"column":4},"end":{"line":33,"column":28}},"type":"default-arg","locations":[{"start":{"line":33,"column":19},"end":{"line":33,"column":28}}],"line":33},"1":{"loc":{"start":{"line":34,"column":4},"end":{"line":34,"column":23}},"type":"default-arg","locations":[{"start":{"line":34,"column":14},"end":{"line":34,"column":23}}],"line":34},"2":{"loc":{"start":{"line":36,"column":4},"end":{"line":36,"column":15}},"type":"default-arg","locations":[{"start":{"line":36,"column":11},"end":{"line":36,"column":15}}],"line":36},"3":{"loc":{"start":{"line":42,"column":23},"end":{"line":42,"column":56}},"type":"cond-expr","locations":[{"start":{"line":42,"column":34},"end":{"line":42,"column":49}},{"start":{"line":42,"column":52},"end":{"line":42,"column":56}}],"line":42},"4":{"loc":{"start":{"line":51,"column":23},"end":{"line":51,"column":64}},"type":"binary-expr","locations":[{"start":{"line":51,"column":23},"end":{"line":51,"column":42}},{"start":{"line":51,"column":46},"end":{"line":51,"column":64}}],"line":51},"5":{"loc":{"start":{"line":55,"column":8},"end":{"line":66,"column":16}},"type":"cond-expr","locations":[{"start":{"line":56,"column":10},"end":{"line":60,"column":12}},{"start":{"line":61,"column":12},"end":{"line":66,"column":16}}],"line":55},"6":{"loc":{"start":{"line":57,"column":18},"end":{"line":57,"column":55}},"type":"cond-expr","locations":[{"start":{"line":57,"column":38},"end":{"line":57,"column":47}},{"start":{"line":57,"column":50},"end":{"line":57,"column":55}}],"line":57},"7":{"loc":{"start":{"line":61,"column":12},"end":{"line":66,"column":16}},"type":"cond-expr","locations":[{"start":{"line":62,"column":10},"end":{"line":65,"column":12}},{"start":{"line":66,"column":12},"end":{"line":66,"column":16}}],"line":61},"8":{"loc":{"start":{"line":69,"column":21},"end":{"line":73,"column":37}},"type":"cond-expr","locations":[{"start":{"line":70,"column":12},"end":{"line":70,"column":26}},{"start":{"line":71,"column":12},"end":{"line":73,"column":37}}],"line":69},"9":{"loc":{"start":{"line":71,"column":12},"end":{"line":73,"column":37}},"type":"cond-expr","locations":[{"start":{"line":72,"column":12},"end":{"line":72,"column":36}},{"start":{"line":73,"column":12},"end":{"line":73,"column":37}}],"line":71},"10":{"loc":{"start":{"line":75,"column":21},"end":{"line":75,"column":42}},"type":"cond-expr","locations":[{"start":{"line":75,"column":37},"end":{"line":75,"column":38}},{"start":{"line":75,"column":41},"end":{"line":75,"column":42}}],"line":75},"11":{"loc":{"start":{"line":78,"column":16},"end":{"line":78,"column":60}},"type":"cond-expr","locations":[{"start":{"line":78,"column":32},"end":{"line":78,"column":34}},{"start":{"line":78,"column":37},"end":{"line":78,"column":60}}],"line":78},"12":{"loc":{"start":{"line":78,"column":37},"end":{"line":78,"column":60}},"type":"cond-expr","locations":[{"start":{"line":78,"column":53},"end":{"line":78,"column":55}},{"start":{"line":78,"column":58},"end":{"line":78,"column":60}}],"line":78},"13":{"loc":{"start":{"line":84,"column":16},"end":{"line":84,"column":60}},"type":"cond-expr","locations":[{"start":{"line":84,"column":32},"end":{"line":84,"column":34}},{"start":{"line":84,"column":37},"end":{"line":84,"column":60}}],"line":84},"14":{"loc":{"start":{"line":84,"column":37},"end":{"line":84,"column":60}},"type":"cond-expr","locations":[{"start":{"line":84,"column":53},"end":{"line":84,"column":55}},{"start":{"line":84,"column":58},"end":{"line":84,"column":60}}],"line":84},"15":{"loc":{"start":{"line":85,"column":18},"end":{"line":85,"column":62}},"type":"cond-expr","locations":[{"start":{"line":85,"column":34},"end":{"line":85,"column":36}},{"start":{"line":85,"column":39},"end":{"line":85,"column":62}}],"line":85},"16":{"loc":{"start":{"line":85,"column":39},"end":{"line":85,"column":62}},"type":"cond-expr","locations":[{"start":{"line":85,"column":55},"end":{"line":85,"column":57}},{"start":{"line":85,"column":60},"end":{"line":85,"column":62}}],"line":85}},"s":{"0":1,"1":4,"2":4,"3":4,"4":4,"5":4,"6":1},"f":{"0":4,"1":1},"b":{"0":[4],"1":[4],"2":[4],"3":[0,4],"4":[4,2],"5":[2,2],"6":[1,1],"7":[0,2],"8":[0,4],"9":[0,4],"10":[0,4],"11":[0,4],"12":[4,0],"13":[0,4],"14":[4,0],"15":[0,4],"16":[4,0]},"_coverageSchema":"1a1c01bbd47fc00a2c39e90264f33305004495a9","hash":"ee03c10d82e7a00c2a581472c2da05fa0a43a10e"}
}
