TN:
SF:apps\task-mobile\src\app\components\Avatar\index.tsx
FN:21,(anonymous_0)
FN:57,(anonymous_1)
FNF:2
FNH:2
FNDA:11,(anonymous_0)
FNDA:1,(anonymous_1)
DA:13,2
DA:21,2
DA:22,11
DA:23,11
DA:25,11
DA:26,11
DA:27,11
DA:34,11
DA:36,11
DA:57,1
LF:10
LH:10
BRDA:25,0,0,4
BRDA:25,0,1,7
BRDA:34,1,0,4
BRDA:34,1,1,7
BRDA:40,2,0,11
BRDA:40,2,1,10
BRDA:41,3,0,1
BRDA:41,3,1,10
BRDA:48,4,0,11
BRDA:48,4,1,10
BRDA:52,5,0,5
BRDA:52,5,1,6
BRDA:52,6,0,11
BRDA:52,6,1,10
BRDA:66,7,0,6
BRDA:66,7,1,0
BRF:16
BRH:15
end_of_record
TN:
SF:apps\task-mobile\src\app\components\Button\index.tsx
FN:23,(anonymous_0)
FN:82,(anonymous_1)
FNF:2
FNH:2
FNDA:3,(anonymous_0)
FNDA:1,(anonymous_1)
DA:23,2
DA:33,3
DA:34,3
DA:36,3
DA:38,3
DA:83,1
LF:6
LH:6
BRDA:27,0,0,3
BRDA:28,1,0,3
BRDA:29,2,0,3
BRDA:32,3,0,3
BRDA:36,4,0,1
BRDA:36,4,1,2
BRDA:41,5,0,0
BRDA:41,5,1,3
BRDA:43,6,0,3
BRDA:43,6,1,0
BRDA:45,7,0,0
BRDA:45,7,1,0
BRDA:45,8,0,0
BRDA:45,8,1,0
BRDA:47,9,0,0
BRDA:47,9,1,0
BRDA:49,10,0,0
BRDA:49,10,1,0
BRDA:50,11,0,0
BRDA:50,11,1,0
BRDA:55,12,0,0
BRDA:55,12,1,3
BRDA:55,13,0,0
BRDA:55,13,1,3
BRDA:55,14,0,3
BRDA:55,14,1,3
BRDA:55,14,2,3
BRDA:57,15,0,0
BRDA:57,15,1,3
BRDA:57,16,0,0
BRDA:57,16,1,3
BRDA:60,17,0,0
BRDA:60,17,1,3
BRDA:62,18,0,3
BRDA:62,18,1,0
BRDA:62,19,0,3
BRDA:62,19,1,0
BRDA:64,20,0,0
BRDA:64,20,1,0
BRDA:64,21,0,0
BRDA:64,21,1,0
BRDA:64,21,2,0
BRDA:69,22,0,0
BRDA:69,22,1,3
BRDA:72,23,0,0
BRDA:72,23,1,3
BRDA:72,24,0,3
BRDA:72,24,1,0
BRDA:73,25,0,3
BRDA:73,25,1,0
BRDA:80,26,0,2
BRDA:80,26,1,1
BRF:52
BRH:24
end_of_record
TN:
SF:apps\task-mobile\src\app\components\CardItem\index.tsx
FN:15,(anonymous_0)
FNF:1
FNH:1
FNDA:3,(anonymous_0)
DA:15,1
DA:16,3
DA:18,3
DA:20,3
DA:43,1
LF:5
LH:5
BRF:0
BRH:0
end_of_record
TN:
SF:apps\task-mobile\src\app\components\Header\index.tsx
FN:13,(anonymous_0)
FNF:1
FNH:1
FNDA:4,(anonymous_0)
DA:13,1
DA:18,4
DA:20,4
DA:22,4
DA:56,1
LF:5
LH:5
BRDA:15,0,0,2
BRF:1
BRH:1
end_of_record
TN:
SF:apps\task-mobile\src\app\components\IconButton\index.tsx
FN:12,(anonymous_0)
FNF:1
FNH:1
FNDA:6,(anonymous_0)
DA:12,2
DA:13,6
DA:15,6
DA:16,6
DA:18,6
LF:5
LH:5
BRDA:26,0,0,1
BRDA:26,0,1,5
BRDA:27,1,0,1
BRDA:27,1,1,5
BRF:4
BRH:4
end_of_record
TN:
SF:apps\task-mobile\src\app\components\TaskItem\index.tsx
FN:9,(anonymous_0)
FNF:1
FNH:1
FNDA:2,(anonymous_0)
DA:9,1
DA:10,2
DA:16,1
LF:3
LH:3
BRF:0
BRH:0
end_of_record
TN:
SF:apps\task-mobile\src\app\components\TextInput\index.tsx
FN:24,(anonymous_0)
FN:58,(anonymous_1)
FNF:2
FNH:2
FNDA:4,(anonymous_0)
FNDA:1,(anonymous_1)
DA:24,1
DA:37,4
DA:38,4
DA:40,4
DA:42,4
DA:44,4
DA:58,1
LF:7
LH:7
BRDA:33,0,0,4
BRDA:34,1,0,4
BRDA:36,2,0,4
BRDA:42,3,0,0
BRDA:42,3,1,4
BRDA:51,4,0,4
BRDA:51,4,1,2
BRDA:55,5,0,2
BRDA:55,5,1,2
BRDA:57,6,0,1
BRDA:57,6,1,1
BRDA:61,7,0,0
BRDA:61,7,1,2
BRDA:69,8,0,0
BRDA:69,8,1,4
BRDA:71,9,0,0
BRDA:71,9,1,4
BRDA:75,10,0,0
BRDA:75,10,1,4
BRDA:78,11,0,0
BRDA:78,11,1,4
BRDA:78,12,0,4
BRDA:78,12,1,0
BRDA:84,13,0,0
BRDA:84,13,1,4
BRDA:84,14,0,4
BRDA:84,14,1,0
BRDA:85,15,0,0
BRDA:85,15,1,4
BRDA:85,16,0,4
BRDA:85,16,1,0
BRF:31
BRH:20
end_of_record
